<?xml version="1.0" encoding="UTF-8"?>
<!-- Generated by org.testng.reporters.JUnitReportReporter -->
<testsuite skipped="0" hostname="d20e8fb3a948" name="booking.flights.test.BookingFlightTest" tests="10" failures="0" timestamp="02 Sep 2022 13:52:10 GMT" time="47.285" errors="0">
  <testcase name="flightDetailsTest" time="2.314" classname="booking.flights.test.BookingFlightTest"/>
  <testcase name="finfFlightTest" time="1.395" classname="booking.flights.test.BookingFlightTest"/>
  <testcase name="flightConfrimTest" time="0.805" classname="booking.flights.test.BookingFlightTest"/>
  <testcase name="flightConfrimTest" time="0.816" classname="booking.flights.test.BookingFlightTest"/>
  <testcase name="regisPageTest" time="18.281" classname="booking.flights.test.BookingFlightTest"/>
  <testcase name="finfFlightTest" time="1.470" classname="booking.flights.test.BookingFlightTest"/>
  <testcase name="flightDetailsTest" time="2.405" classname="booking.flights.test.BookingFlightTest"/>
  <testcase name="regisPageTest" time="18.535" classname="booking.flights.test.BookingFlightTest"/>
  <testcase name="regisConfirmTest" time="0.643" classname="booking.flights.test.BookingFlightTest"/>
  <testcase name="regisConfirmTest" time="0.621" classname="booking.flights.test.BookingFlightTest"/>
</testsuite> <!-- booking.flights.test.BookingFlightTest -->
