<?xml version="1.0" encoding="UTF-8"?>
<!-- Generated by org.testng.reporters.JUnitReportReporter -->
<testsuite skipped="0" hostname="agy-Lenovo-G40-45" name="booking.flights.test.BookingFlightTest" tests="5" failures="0" timestamp="30 Agu 2022 07:16:53 GMT" time="14.393" errors="0">
  <testcase name="flightDetailsTest" time="1.652" classname="booking.flights.test.BookingFlightTest"/>
  <testcase name="regisPageTest" time="11.577" classname="booking.flights.test.BookingFlightTest"/>
  <testcase name="finfFlightTest" time="0.540" classname="booking.flights.test.BookingFlightTest"/>
  <testcase name="flightConfrimTest" time="0.329" classname="booking.flights.test.BookingFlightTest"/>
  <testcase name="regisConfirmTest" time="0.295" classname="booking.flights.test.BookingFlightTest"/>
</testsuite> <!-- booking.flights.test.BookingFlightTest -->
